<?xml version="1.0" encoding="UTF-8"?>
<!-- Generated by org.testng.reporters.JUnitReportReporter -->
<testsuite hostname="Shravans-MBP" name="com.shravan.TestNGCucumber.runners.Test1FeatureRunner" tests="1" failures="0" timestamp="16 Oct 2017 21:34:41 GMT" time="8.475" errors="0">
  <testcase name="run_cukes" time="8.475" classname="com.shravan.TestNGCucumber.runners.Test1FeatureRunner"/>
</testsuite> <!-- com.shravan.TestNGCucumber.runners.Test1FeatureRunner -->
