<?xml version="1.0" encoding="UTF-8"?>
<!-- Generated by org.testng.reporters.JUnitReportReporter -->
<testsuite hostname="Shravans-MBP" name="com.shravan.TestNGCucumber.runners.Test2FeatureRunner" tests="1" failures="0" timestamp="16 Oct 2017 21:34:41 GMT" time="6.489" errors="0">
  <testcase name="run_cukes" time="6.489" classname="com.shravan.TestNGCucumber.runners.Test2FeatureRunner"/>
</testsuite> <!-- com.shravan.TestNGCucumber.runners.Test2FeatureRunner -->
